==============================================================================
20210920 14:00:18.420 - INFO - + START SUITE: RobotDemo [ ]
==============================================================================
20210920 14:00:18.609 - INFO - +- START SUITE: RobotDemo.MyFirstTestSuite [ ]
==============================================================================
20210920 14:00:18.610 - INFO - +-- START TEST: firstFile.robot [ ]
------------------------------------------------------------------------------
20210920 14:00:18.611 - INFO - +--- START KEYWORD: BuiltIn.Log To Console [ This is my first working test case ]
20210920 14:00:18.612 - INFO - +--- END KEYWORD: BuiltIn.Log To Console (1)
~~~~~~~~~~~~~~~~~~~~~~~~~~~~~~~~~~~~~~~~~~~~~~~~~~~~~~~~~~~~~~~~~~~~~~~~~~~~~~
20210920 14:00:18.613 - INFO - +--- START KEYWORD: SeleniumLibrary.Open Browser [ ${url} | Chrome ]
20210920 14:00:18.614 - INFO - Opening browser 'Chrome' to base url 'https://opensource-demo.orangehrmlive.com/'.
20210920 14:00:23.985 - DEBUG - Opened browser with session id a4de995e838ea6fc8bfa8a2f129b74ed.
20210920 14:00:23.986 - INFO - +--- END KEYWORD: SeleniumLibrary.Open Browser (5372)
~~~~~~~~~~~~~~~~~~~~~~~~~~~~~~~~~~~~~~~~~~~~~~~~~~~~~~~~~~~~~~~~~~~~~~~~~~~~~~
20210920 14:00:23.986 - INFO - +--- START KEYWORD: SeleniumLibrary.Maximize Browser Window [ ]
20210920 14:00:24.118 - INFO - +--- END KEYWORD: SeleniumLibrary.Maximize Browser Window (131)
~~~~~~~~~~~~~~~~~~~~~~~~~~~~~~~~~~~~~~~~~~~~~~~~~~~~~~~~~~~~~~~~~~~~~~~~~~~~~~
20210920 14:00:24.118 - INFO - +--- START KEYWORD: BuiltIn.Sleep [ 10 seconds ]
20210920 14:00:34.127 - INFO - Slept 10 seconds
20210920 14:00:34.127 - INFO - +--- END KEYWORD: BuiltIn.Sleep (10009)
~~~~~~~~~~~~~~~~~~~~~~~~~~~~~~~~~~~~~~~~~~~~~~~~~~~~~~~~~~~~~~~~~~~~~~~~~~~~~~
20210920 14:00:34.127 - INFO - +--- START KEYWORD: SeleniumLibrary.Close Browser [ ]
20210920 14:00:34.127 - DEBUG - Closing browser with session id a4de995e838ea6fc8bfa8a2f129b74ed.
20210920 14:00:36.474 - INFO - +--- END KEYWORD: SeleniumLibrary.Close Browser (2347)
~~~~~~~~~~~~~~~~~~~~~~~~~~~~~~~~~~~~~~~~~~~~~~~~~~~~~~~~~~~~~~~~~~~~~~~~~~~~~~
20210920 14:00:36.474 - INFO - +--- START TEARDOWN: SeleniumLibrary.Close Browser [ ]
20210920 14:00:36.474 - INFO - +--- END TEARDOWN: SeleniumLibrary.Close Browser (0)
------------------------------------------------------------------------------
20210920 14:00:36.474 - INFO - +-- END TEST: firstFile.robot (17865)
------------------------------------------------------------------------------
20210920 14:00:36.474 - INFO - +-- START TEST: SecondRobot [ ]
------------------------------------------------------------------------------
20210920 14:00:36.490 - INFO - +--- START KEYWORD: BuiltIn.Log To Console [ Starting Orange HRM website ]
20210920 14:00:36.490 - INFO - +--- END KEYWORD: BuiltIn.Log To Console (0)
~~~~~~~~~~~~~~~~~~~~~~~~~~~~~~~~~~~~~~~~~~~~~~~~~~~~~~~~~~~~~~~~~~~~~~~~~~~~~~
20210920 14:00:36.490 - INFO - +--- START KEYWORD: SeleniumLibrary.Open Browser [ ${url} | Chrome ]
20210920 14:00:36.490 - INFO - Opening browser 'Chrome' to base url 'https://opensource-demo.orangehrmlive.com/'.
20210920 14:00:41.795 - DEBUG - Opened browser with session id 215726935f118171b79c853c8720b95a.
20210920 14:00:41.796 - INFO - +--- END KEYWORD: SeleniumLibrary.Open Browser (5305)
~~~~~~~~~~~~~~~~~~~~~~~~~~~~~~~~~~~~~~~~~~~~~~~~~~~~~~~~~~~~~~~~~~~~~~~~~~~~~~
20210920 14:00:41.796 - INFO - +--- START KEYWORD: SeleniumLibrary.Maximize Browser Window [ ]
20210920 14:00:41.946 - INFO - +--- END KEYWORD: SeleniumLibrary.Maximize Browser Window (150)
~~~~~~~~~~~~~~~~~~~~~~~~~~~~~~~~~~~~~~~~~~~~~~~~~~~~~~~~~~~~~~~~~~~~~~~~~~~~~~
20210920 14:00:41.946 - INFO - +--- START KEYWORD: LoginResources.Login [ ]
20210920 14:00:41.946 - INFO - +---- START KEYWORD: SeleniumLibrary.Input Text [ id:txtUsername | ${credentials}[Username] ]
20210920 14:00:41.946 - FAIL - Dictionary '${credentials}' has no key 'Username'.
20210920 14:00:41.946 - INFO - +---- END KEYWORD: SeleniumLibrary.Input Text (0)
20210920 14:00:41.946 - INFO - +---- START KEYWORD: SeleniumLibrary.Input Password [ id:txtPassword | ${password}[password] ]
20210920 14:00:41.946 - INFO - +---- END KEYWORD: SeleniumLibrary.Input Password (0)
20210920 14:00:41.946 - INFO - +---- START KEYWORD: BuiltIn.Sleep [ 10 seconds ]
20210920 14:00:41.946 - INFO - +---- END KEYWORD: BuiltIn.Sleep (0)
20210920 14:00:41.946 - INFO - +---- START KEYWORD: SeleniumLibrary.Click Button [ id=btnLogin ]
20210920 14:00:41.946 - INFO - +---- END KEYWORD: SeleniumLibrary.Click Button (0)
20210920 14:00:41.946 - INFO - +---- START KEYWORD: BuiltIn.Sleep [ 10 seconds ]
20210920 14:00:41.946 - INFO - +---- END KEYWORD: BuiltIn.Sleep (0)
20210920 14:00:41.946 - INFO - +--- END KEYWORD: LoginResources.Login (0)
~~~~~~~~~~~~~~~~~~~~~~~~~~~~~~~~~~~~~~~~~~~~~~~~~~~~~~~~~~~~~~~~~~~~~~~~~~~~~~
20210920 14:00:41.946 - INFO - +--- START KEYWORD: BuiltIn.Sleep [ 10 seconds ]
20210920 14:00:41.946 - INFO - +--- END KEYWORD: BuiltIn.Sleep (0)
~~~~~~~~~~~~~~~~~~~~~~~~~~~~~~~~~~~~~~~~~~~~~~~~~~~~~~~~~~~~~~~~~~~~~~~~~~~~~~
20210920 14:00:41.946 - INFO - +--- START KEYWORD: BuiltIn.Log To Console [ Title Should Be | OrangeHRM ]
20210920 14:00:41.961 - INFO - +--- END KEYWORD: BuiltIn.Log To Console (15)
~~~~~~~~~~~~~~~~~~~~~~~~~~~~~~~~~~~~~~~~~~~~~~~~~~~~~~~~~~~~~~~~~~~~~~~~~~~~~~
20210920 14:00:41.961 - INFO - +--- START KEYWORD: SeleniumLibrary.Close Browser [ ]
20210920 14:00:41.961 - INFO - +--- END KEYWORD: SeleniumLibrary.Close Browser (0)
~~~~~~~~~~~~~~~~~~~~~~~~~~~~~~~~~~~~~~~~~~~~~~~~~~~~~~~~~~~~~~~~~~~~~~~~~~~~~~
20210920 14:00:41.961 - INFO - +--- START TEARDOWN: SeleniumLibrary.Close Browser [ ]
20210920 14:00:41.961 - DEBUG - Closing browser with session id 215726935f118171b79c853c8720b95a.
20210920 14:00:44.185 - INFO - +--- END TEARDOWN: SeleniumLibrary.Close Browser (2224)
------------------------------------------------------------------------------
20210920 14:00:44.185 - INFO - +-- END TEST: SecondRobot (7711)
------------------------------------------------------------------------------
20210920 14:00:44.185 - INFO - +-- START TEST: ThirdRobot.robot [ ]
------------------------------------------------------------------------------
20210920 14:00:44.200 - INFO - +--- START KEYWORD: BuiltIn.Log To Console [ Started 3rd Test ]
20210920 14:00:44.200 - INFO - +--- END KEYWORD: BuiltIn.Log To Console (0)
~~~~~~~~~~~~~~~~~~~~~~~~~~~~~~~~~~~~~~~~~~~~~~~~~~~~~~~~~~~~~~~~~~~~~~~~~~~~~~
20210920 14:00:44.216 - INFO - +--- START KEYWORD: SeleniumLibrary.Open Browser [ ${url} | chrome ]
20210920 14:00:44.216 - INFO - Opening browser 'chrome' to base url 'https://opensource-demo.orangehrmlive.com/'.
20210920 14:00:49.445 - DEBUG - Opened browser with session id 58ad1642b29a810efd6910485aef1c95.
20210920 14:00:49.445 - INFO - +--- END KEYWORD: SeleniumLibrary.Open Browser (5229)
~~~~~~~~~~~~~~~~~~~~~~~~~~~~~~~~~~~~~~~~~~~~~~~~~~~~~~~~~~~~~~~~~~~~~~~~~~~~~~
20210920 14:00:49.446 - INFO - +--- START KEYWORD: LoginResources.Login [ ]
20210920 14:00:49.447 - INFO - +---- START KEYWORD: SeleniumLibrary.Input Text [ id:txtUsername | ${credentials}[Username] ]
20210920 14:00:49.448 - FAIL - Dictionary '${credentials}' has no key 'Username'.
20210920 14:00:49.448 - INFO - +---- END KEYWORD: SeleniumLibrary.Input Text (1)
20210920 14:00:49.449 - INFO - +---- START KEYWORD: SeleniumLibrary.Input Password [ id:txtPassword | ${password}[password] ]
20210920 14:00:49.449 - INFO - +---- END KEYWORD: SeleniumLibrary.Input Password (0)
20210920 14:00:49.449 - INFO - +---- START KEYWORD: BuiltIn.Sleep [ 10 seconds ]
20210920 14:00:49.450 - INFO - +---- END KEYWORD: BuiltIn.Sleep (1)
20210920 14:00:49.450 - INFO - +---- START KEYWORD: SeleniumLibrary.Click Button [ id=btnLogin ]
20210920 14:00:49.450 - INFO - +---- END KEYWORD: SeleniumLibrary.Click Button (0)
20210920 14:00:49.451 - INFO - +---- START KEYWORD: BuiltIn.Sleep [ 10 seconds ]
20210920 14:00:49.451 - INFO - +---- END KEYWORD: BuiltIn.Sleep (0)
20210920 14:00:49.452 - INFO - +--- END KEYWORD: LoginResources.Login (6)
~~~~~~~~~~~~~~~~~~~~~~~~~~~~~~~~~~~~~~~~~~~~~~~~~~~~~~~~~~~~~~~~~~~~~~~~~~~~~~
20210920 14:00:49.452 - INFO - +--- START KEYWORD: SeleniumLibrary.Maximize Browser Window [ ]
20210920 14:00:49.453 - INFO - +--- END KEYWORD: SeleniumLibrary.Maximize Browser Window (1)
~~~~~~~~~~~~~~~~~~~~~~~~~~~~~~~~~~~~~~~~~~~~~~~~~~~~~~~~~~~~~~~~~~~~~~~~~~~~~~
20210920 14:00:49.453 - INFO - +--- START KEYWORD: BuiltIn.Sleep [ 10 seconds ]
20210920 14:00:49.454 - INFO - +--- END KEYWORD: BuiltIn.Sleep (1)
~~~~~~~~~~~~~~~~~~~~~~~~~~~~~~~~~~~~~~~~~~~~~~~~~~~~~~~~~~~~~~~~~~~~~~~~~~~~~~
20210920 14:00:49.455 - INFO - +--- START KEYWORD: SeleniumLibrary.Close Browser [ ]
20210920 14:00:49.456 - INFO - +--- END KEYWORD: SeleniumLibrary.Close Browser (0)
~~~~~~~~~~~~~~~~~~~~~~~~~~~~~~~~~~~~~~~~~~~~~~~~~~~~~~~~~~~~~~~~~~~~~~~~~~~~~~
20210920 14:00:49.456 - INFO - +--- START KEYWORD: BuiltIn.Log To Console [ 3rd test Ran successfully and Logs file saved successfully ]
20210920 14:00:49.457 - INFO - +--- END KEYWORD: BuiltIn.Log To Console (1)
~~~~~~~~~~~~~~~~~~~~~~~~~~~~~~~~~~~~~~~~~~~~~~~~~~~~~~~~~~~~~~~~~~~~~~~~~~~~~~
20210920 14:00:49.458 - INFO - +--- START TEARDOWN: SeleniumLibrary.Close Browser [ ]
20210920 14:00:49.459 - DEBUG - Closing browser with session id 58ad1642b29a810efd6910485aef1c95.
20210920 14:00:51.750 - INFO - +--- END TEARDOWN: SeleniumLibrary.Close Browser (2292)
------------------------------------------------------------------------------
20210920 14:00:51.750 - INFO - +-- END TEST: ThirdRobot.robot (7565)
------------------------------------------------------------------------------
20210920 14:00:51.750 - INFO - +-- START TEST: JsonData.robot [ ]
------------------------------------------------------------------------------
20210920 14:00:51.750 - INFO - +--- START FOR: ${username} IN [ @{user} ] [ ]
20210920 14:00:51.765 - INFO - +---- START FOR ITERATION: ${username} = access_key [ ]
20210920 14:00:51.765 - INFO - +----- START FOR: ${password} IN [ @{password} ] [ ]
20210920 14:00:51.765 - INFO - +------ START FOR ITERATION: ${password} = access_key [ ]
20210920 14:00:51.765 - INFO - +------- START KEYWORD: BuiltIn.Log To Console [ Testing Json robot Framework Demo with different usernames and password ]
20210920 14:00:51.765 - INFO - +------- END KEYWORD: BuiltIn.Log To Console (0)
20210920 14:00:51.765 - INFO - +------- START KEYWORD: SeleniumLibrary.Open Browser [ ${url} | Chrome ]
20210920 14:00:51.765 - INFO - +------- END KEYWORD: SeleniumLibrary.Open Browser (0)
20210920 14:00:51.765 - INFO - +------- START KEYWORD: SeleniumLibrary.Maximize Browser Window [ ]
20210920 14:00:51.765 - INFO - +------- END KEYWORD: SeleniumLibrary.Maximize Browser Window (0)
20210920 14:00:51.765 - INFO - +------- START KEYWORD: BuiltIn.Sleep [ 10 seconds ]
20210920 14:00:51.765 - INFO - +------- END KEYWORD: BuiltIn.Sleep (0)
20210920 14:00:51.765 - INFO - +------- START KEYWORD: SeleniumLibrary.Input Text [ id=txtUsername | ${username} ]
20210920 14:00:51.781 - INFO - +------- END KEYWORD: SeleniumLibrary.Input Text (16)
20210920 14:00:51.782 - INFO - +------- START KEYWORD: SeleniumLibrary.Input Text [ id=txtPassword | ${password} ]
20210920 14:00:51.783 - INFO - +------- END KEYWORD: SeleniumLibrary.Input Text (1)
20210920 14:00:51.784 - INFO - +------- START KEYWORD: BuiltIn.Sleep [ 10 seconds ]
20210920 14:00:51.785 - INFO - +------- END KEYWORD: BuiltIn.Sleep (1)
20210920 14:00:51.786 - INFO - +------- START KEYWORD: SeleniumLibrary.Click Button [ id=btnLogin ]
20210920 14:00:51.787 - INFO - +------- END KEYWORD: SeleniumLibrary.Click Button (0)
20210920 14:00:51.788 - INFO - +------- START KEYWORD: BuiltIn.Sleep [ 10 seconds ]
20210920 14:00:51.790 - INFO - +------- END KEYWORD: BuiltIn.Sleep (2)
20210920 14:00:51.791 - INFO - +------- START KEYWORD: SeleniumLibrary.Close Browser [ ]
20210920 14:00:51.792 - INFO - +------- END KEYWORD: SeleniumLibrary.Close Browser (0)
20210920 14:00:51.792 - INFO - +------ END FOR ITERATION: ${password} = access_key (27)
20210920 14:00:51.793 - INFO - +----- END FOR: ${password} IN [ @{password} ] (27)
20210920 14:00:51.793 - INFO - +---- END FOR ITERATION: ${username} = access_key (28)
20210920 14:00:51.794 - INFO - +--- END FOR: ${username} IN [ @{user} ] (43)
~~~~~~~~~~~~~~~~~~~~~~~~~~~~~~~~~~~~~~~~~~~~~~~~~~~~~~~~~~~~~~~~~~~~~~~~~~~~~~
20210920 14:00:51.794 - INFO - +--- START TEARDOWN: SeleniumLibrary.Close Browser [ ]
20210920 14:00:51.795 - INFO - +--- END TEARDOWN: SeleniumLibrary.Close Browser (1)
------------------------------------------------------------------------------
20210920 14:00:51.797 - INFO - +-- END TEST: JsonData.robot (45)
------------------------------------------------------------------------------
20210920 14:00:51.803 - INFO - +- END SUITE: RobotDemo.MyFirstTestSuite (33379)
==============================================================================
20210920 14:00:51.807 - INFO - + END SUITE: RobotDemo (33694)
==============================================================================
