==============================================================================
20210920 11:54:30.887 - INFO - + START SUITE: RobotDemo [ ]
==============================================================================
20210920 11:54:31.029 - INFO - +- START SUITE: RobotDemo.MyFirstTestSuite [ ]
==============================================================================
20210920 11:54:31.030 - INFO - +-- START TEST: JsonData.robot [ ]
------------------------------------------------------------------------------
20210920 11:54:31.035 - INFO - +--- START KEYWORD: For ${username} in @{user} [ ]
20210920 11:54:31.035 - FAIL - No keyword with name 'For ${username} in @{user}' found.
20210920 11:54:31.036 - INFO - +--- END KEYWORD: For ${username} in @{user} (1)
~~~~~~~~~~~~~~~~~~~~~~~~~~~~~~~~~~~~~~~~~~~~~~~~~~~~~~~~~~~~~~~~~~~~~~~~~~~~~~
20210920 11:54:31.041 - INFO - +--- START KEYWORD: For ${password} in @{password} [ ]
20210920 11:54:31.041 - INFO - +--- END KEYWORD: For ${password} in @{password} (0)
~~~~~~~~~~~~~~~~~~~~~~~~~~~~~~~~~~~~~~~~~~~~~~~~~~~~~~~~~~~~~~~~~~~~~~~~~~~~~~
20210920 11:54:31.041 - INFO - +--- START KEYWORD: BuiltIn.Log To Console [ Testing Json robot Framework Demo with different usernames and password ]
20210920 11:54:31.042 - INFO - +--- END KEYWORD: BuiltIn.Log To Console (1)
~~~~~~~~~~~~~~~~~~~~~~~~~~~~~~~~~~~~~~~~~~~~~~~~~~~~~~~~~~~~~~~~~~~~~~~~~~~~~~
20210920 11:54:31.042 - INFO - +--- START KEYWORD: SeleniumLibrary.Open Browser [ ${url} | Chrome ]
20210920 11:54:31.043 - INFO - +--- END KEYWORD: SeleniumLibrary.Open Browser (0)
~~~~~~~~~~~~~~~~~~~~~~~~~~~~~~~~~~~~~~~~~~~~~~~~~~~~~~~~~~~~~~~~~~~~~~~~~~~~~~
20210920 11:54:31.043 - INFO - +--- START KEYWORD: SeleniumLibrary.Maximize Browser Window [ ]
20210920 11:54:31.043 - INFO - +--- END KEYWORD: SeleniumLibrary.Maximize Browser Window (0)
~~~~~~~~~~~~~~~~~~~~~~~~~~~~~~~~~~~~~~~~~~~~~~~~~~~~~~~~~~~~~~~~~~~~~~~~~~~~~~
20210920 11:54:31.043 - INFO - +--- START KEYWORD: BuiltIn.Sleep [ 10 seconds ]
20210920 11:54:31.044 - INFO - +--- END KEYWORD: BuiltIn.Sleep (1)
~~~~~~~~~~~~~~~~~~~~~~~~~~~~~~~~~~~~~~~~~~~~~~~~~~~~~~~~~~~~~~~~~~~~~~~~~~~~~~
20210920 11:54:31.044 - INFO - +--- START KEYWORD: SeleniumLibrary.Input Text [ id=txtUsername | ${username} ]
20210920 11:54:31.045 - INFO - +--- END KEYWORD: SeleniumLibrary.Input Text (0)
~~~~~~~~~~~~~~~~~~~~~~~~~~~~~~~~~~~~~~~~~~~~~~~~~~~~~~~~~~~~~~~~~~~~~~~~~~~~~~
20210920 11:54:31.045 - INFO - +--- START KEYWORD: SeleniumLibrary.Input Text [ id=txtPassword | ${password} ]
20210920 11:54:31.046 - INFO - +--- END KEYWORD: SeleniumLibrary.Input Text (0)
~~~~~~~~~~~~~~~~~~~~~~~~~~~~~~~~~~~~~~~~~~~~~~~~~~~~~~~~~~~~~~~~~~~~~~~~~~~~~~
20210920 11:54:31.046 - INFO - +--- START KEYWORD: BuiltIn.Sleep [ 10 seconds ]
20210920 11:54:31.047 - INFO - +--- END KEYWORD: BuiltIn.Sleep (0)
~~~~~~~~~~~~~~~~~~~~~~~~~~~~~~~~~~~~~~~~~~~~~~~~~~~~~~~~~~~~~~~~~~~~~~~~~~~~~~
20210920 11:54:31.047 - INFO - +--- START KEYWORD: SeleniumLibrary.Click Button [ id=btnLogin ]
20210920 11:54:31.048 - INFO - +--- END KEYWORD: SeleniumLibrary.Click Button (0)
~~~~~~~~~~~~~~~~~~~~~~~~~~~~~~~~~~~~~~~~~~~~~~~~~~~~~~~~~~~~~~~~~~~~~~~~~~~~~~
20210920 11:54:31.048 - INFO - +--- START KEYWORD: BuiltIn.Sleep [ 10 seconds ]
20210920 11:54:31.049 - INFO - +--- END KEYWORD: BuiltIn.Sleep (1)
~~~~~~~~~~~~~~~~~~~~~~~~~~~~~~~~~~~~~~~~~~~~~~~~~~~~~~~~~~~~~~~~~~~~~~~~~~~~~~
20210920 11:54:31.049 - INFO - +--- START KEYWORD: SeleniumLibrary.Close Browser [ ]
20210920 11:54:31.050 - INFO - +--- END KEYWORD: SeleniumLibrary.Close Browser (1)
------------------------------------------------------------------------------
20210920 11:54:31.051 - INFO - +-- END TEST: JsonData.robot (21)
------------------------------------------------------------------------------
20210920 11:54:31.055 - INFO - +- END SUITE: RobotDemo.MyFirstTestSuite (165)
==============================================================================
20210920 11:54:31.057 - INFO - + END SUITE: RobotDemo (397)
==============================================================================
