==============================================================================
20210920 13:56:39.703 - INFO - + START SUITE: RobotDemo [ ]
==============================================================================
20210920 13:56:39.913 - INFO - +- START SUITE: RobotDemo.MyFirstTestSuite [ ]
==============================================================================
20210920 13:56:39.915 - INFO - +-- START TEST: firstFile.robot [ ]
------------------------------------------------------------------------------
20210920 13:56:39.916 - INFO - +--- START KEYWORD: BuiltIn.Log To Console [ This is my first working test case ]
20210920 13:56:39.918 - INFO - +--- END KEYWORD: BuiltIn.Log To Console (1)
~~~~~~~~~~~~~~~~~~~~~~~~~~~~~~~~~~~~~~~~~~~~~~~~~~~~~~~~~~~~~~~~~~~~~~~~~~~~~~
20210920 13:56:39.919 - INFO - +--- START KEYWORD: SeleniumLibrary.Open Browser [ ${url} | Chrome ]
20210920 13:56:39.920 - INFO - Opening browser 'Chrome' to base url 'https://opensource-demo.orangehrmlive.com/'.
20210920 13:56:44.614 - DEBUG - Opened browser with session id 4f79c3625e8f956b43d711bfb7673d93.
20210920 13:56:44.615 - INFO - +--- END KEYWORD: SeleniumLibrary.Open Browser (4697)
~~~~~~~~~~~~~~~~~~~~~~~~~~~~~~~~~~~~~~~~~~~~~~~~~~~~~~~~~~~~~~~~~~~~~~~~~~~~~~
20210920 13:56:44.617 - INFO - +--- START KEYWORD: SeleniumLibrary.Maximize Browser Window [ ]
20210920 13:56:44.741 - INFO - +--- END KEYWORD: SeleniumLibrary.Maximize Browser Window (124)
~~~~~~~~~~~~~~~~~~~~~~~~~~~~~~~~~~~~~~~~~~~~~~~~~~~~~~~~~~~~~~~~~~~~~~~~~~~~~~
20210920 13:56:44.741 - INFO - +--- START KEYWORD: BuiltIn.Sleep [ 10 seconds ]
20210920 13:56:54.747 - INFO - Slept 10 seconds
20210920 13:56:54.747 - INFO - +--- END KEYWORD: BuiltIn.Sleep (10006)
~~~~~~~~~~~~~~~~~~~~~~~~~~~~~~~~~~~~~~~~~~~~~~~~~~~~~~~~~~~~~~~~~~~~~~~~~~~~~~
20210920 13:56:54.747 - INFO - +--- START KEYWORD: SeleniumLibrary.Close Browser [ ]
20210920 13:56:54.747 - DEBUG - Closing browser with session id 4f79c3625e8f956b43d711bfb7673d93.
20210920 13:56:57.072 - INFO - +--- END KEYWORD: SeleniumLibrary.Close Browser (2322)
~~~~~~~~~~~~~~~~~~~~~~~~~~~~~~~~~~~~~~~~~~~~~~~~~~~~~~~~~~~~~~~~~~~~~~~~~~~~~~
20210920 13:56:57.074 - INFO - +--- START TEARDOWN: SeleniumLibrary.Close Browser [ ]
20210920 13:56:57.078 - INFO - +--- END TEARDOWN: SeleniumLibrary.Close Browser (3)
------------------------------------------------------------------------------
20210920 13:56:57.081 - INFO - +-- END TEST: firstFile.robot (17164)
------------------------------------------------------------------------------
20210920 13:56:57.087 - INFO - +-- START TEST: SecondRobot [ ]
------------------------------------------------------------------------------
20210920 13:56:57.092 - INFO - +--- START KEYWORD: BuiltIn.Log To Console [ Starting Orange HRM website ]
20210920 13:56:57.094 - INFO - +--- END KEYWORD: BuiltIn.Log To Console (2)
~~~~~~~~~~~~~~~~~~~~~~~~~~~~~~~~~~~~~~~~~~~~~~~~~~~~~~~~~~~~~~~~~~~~~~~~~~~~~~
20210920 13:56:57.094 - INFO - +--- START KEYWORD: SeleniumLibrary.Open Browser [ ${url} | Chrome ]
20210920 13:56:57.096 - INFO - Opening browser 'Chrome' to base url 'https://opensource-demo.orangehrmlive.com/'.
20210920 13:57:02.051 - DEBUG - Opened browser with session id 565177ba52300f7d7d03df60b387dbf6.
20210920 13:57:02.052 - INFO - +--- END KEYWORD: SeleniumLibrary.Open Browser (4957)
~~~~~~~~~~~~~~~~~~~~~~~~~~~~~~~~~~~~~~~~~~~~~~~~~~~~~~~~~~~~~~~~~~~~~~~~~~~~~~
20210920 13:57:02.052 - INFO - +--- START KEYWORD: SeleniumLibrary.Maximize Browser Window [ ]
20210920 13:57:02.181 - INFO - +--- END KEYWORD: SeleniumLibrary.Maximize Browser Window (129)
~~~~~~~~~~~~~~~~~~~~~~~~~~~~~~~~~~~~~~~~~~~~~~~~~~~~~~~~~~~~~~~~~~~~~~~~~~~~~~
20210920 13:57:02.181 - INFO - +--- START KEYWORD: LoginResources.Login [ ]
20210920 13:57:02.181 - INFO - +---- START KEYWORD: SeleniumLibrary.Input Text [ id:txtUsername | ${credentials}[Username] ]
20210920 13:57:02.181 - FAIL - Dictionary '${credentials}' has no key 'Username'.
20210920 13:57:02.181 - INFO - +---- END KEYWORD: SeleniumLibrary.Input Text (0)
20210920 13:57:02.181 - INFO - +---- START KEYWORD: SeleniumLibrary.Input Password [ id:txtPassword | ${password}[password] ]
20210920 13:57:02.181 - INFO - +---- END KEYWORD: SeleniumLibrary.Input Password (0)
20210920 13:57:02.181 - INFO - +---- START KEYWORD: BuiltIn.Sleep [ 10 seconds ]
20210920 13:57:02.181 - INFO - +---- END KEYWORD: BuiltIn.Sleep (0)
20210920 13:57:02.181 - INFO - +---- START KEYWORD: SeleniumLibrary.Click Button [ id=btnLogin ]
20210920 13:57:02.181 - INFO - +---- END KEYWORD: SeleniumLibrary.Click Button (0)
20210920 13:57:02.181 - INFO - +---- START KEYWORD: BuiltIn.Sleep [ 10 seconds ]
20210920 13:57:02.181 - INFO - +---- END KEYWORD: BuiltIn.Sleep (0)
20210920 13:57:02.181 - INFO - +--- END KEYWORD: LoginResources.Login (0)
~~~~~~~~~~~~~~~~~~~~~~~~~~~~~~~~~~~~~~~~~~~~~~~~~~~~~~~~~~~~~~~~~~~~~~~~~~~~~~
20210920 13:57:02.181 - INFO - +--- START KEYWORD: BuiltIn.Sleep [ 10 seconds ]
20210920 13:57:02.181 - INFO - +--- END KEYWORD: BuiltIn.Sleep (0)
~~~~~~~~~~~~~~~~~~~~~~~~~~~~~~~~~~~~~~~~~~~~~~~~~~~~~~~~~~~~~~~~~~~~~~~~~~~~~~
20210920 13:57:02.181 - INFO - +--- START KEYWORD: BuiltIn.Log To Console [ Title Should Be | OrangeHRM ]
20210920 13:57:02.181 - INFO - +--- END KEYWORD: BuiltIn.Log To Console (0)
~~~~~~~~~~~~~~~~~~~~~~~~~~~~~~~~~~~~~~~~~~~~~~~~~~~~~~~~~~~~~~~~~~~~~~~~~~~~~~
20210920 13:57:02.181 - INFO - +--- START KEYWORD: SeleniumLibrary.Close Browser [ ]
20210920 13:57:02.181 - INFO - +--- END KEYWORD: SeleniumLibrary.Close Browser (0)
~~~~~~~~~~~~~~~~~~~~~~~~~~~~~~~~~~~~~~~~~~~~~~~~~~~~~~~~~~~~~~~~~~~~~~~~~~~~~~
20210920 13:57:02.181 - INFO - +--- START TEARDOWN: SeleniumLibrary.Close Browser [ ]
20210920 13:57:02.181 - DEBUG - Closing browser with session id 565177ba52300f7d7d03df60b387dbf6.
20210920 13:57:04.389 - INFO - +--- END TEARDOWN: SeleniumLibrary.Close Browser (2205)
------------------------------------------------------------------------------
20210920 13:57:04.394 - INFO - +-- END TEST: SecondRobot (7306)
------------------------------------------------------------------------------
20210920 13:57:04.396 - INFO - +-- START TEST: ThirdRobot.robot [ ]
------------------------------------------------------------------------------
20210920 13:57:04.401 - INFO - +--- START KEYWORD: BuiltIn.Log To Console [ Started 3rd Test ]
20210920 13:57:04.408 - INFO - +--- END KEYWORD: BuiltIn.Log To Console (6)
~~~~~~~~~~~~~~~~~~~~~~~~~~~~~~~~~~~~~~~~~~~~~~~~~~~~~~~~~~~~~~~~~~~~~~~~~~~~~~
20210920 13:57:04.411 - INFO - +--- START KEYWORD: SeleniumLibrary.Open Browser [ ${url} | chrome ]
20210920 13:57:04.414 - INFO - Opening browser 'chrome' to base url 'https://opensource-demo.orangehrmlive.com/'.
20210920 13:57:09.563 - DEBUG - Opened browser with session id cd2abc8258e46346f394c317e0aa4540.
20210920 13:57:09.564 - INFO - +--- END KEYWORD: SeleniumLibrary.Open Browser (5154)
~~~~~~~~~~~~~~~~~~~~~~~~~~~~~~~~~~~~~~~~~~~~~~~~~~~~~~~~~~~~~~~~~~~~~~~~~~~~~~
20210920 13:57:09.565 - INFO - +--- START KEYWORD: LoginResources.Login [ ]
20210920 13:57:09.566 - INFO - +---- START KEYWORD: SeleniumLibrary.Input Text [ id:txtUsername | ${credentials}[Username] ]
20210920 13:57:09.568 - FAIL - Dictionary '${credentials}' has no key 'Username'.
20210920 13:57:09.569 - INFO - +---- END KEYWORD: SeleniumLibrary.Input Text (3)
20210920 13:57:09.569 - INFO - +---- START KEYWORD: SeleniumLibrary.Input Password [ id:txtPassword | ${password}[password] ]
20210920 13:57:09.570 - INFO - +---- END KEYWORD: SeleniumLibrary.Input Password (1)
20210920 13:57:09.570 - INFO - +---- START KEYWORD: BuiltIn.Sleep [ 10 seconds ]
20210920 13:57:09.571 - INFO - +---- END KEYWORD: BuiltIn.Sleep (1)
20210920 13:57:09.571 - INFO - +---- START KEYWORD: SeleniumLibrary.Click Button [ id=btnLogin ]
20210920 13:57:09.572 - INFO - +---- END KEYWORD: SeleniumLibrary.Click Button (0)
20210920 13:57:09.572 - INFO - +---- START KEYWORD: BuiltIn.Sleep [ 10 seconds ]
20210920 13:57:09.573 - INFO - +---- END KEYWORD: BuiltIn.Sleep (1)
20210920 13:57:09.574 - INFO - +--- END KEYWORD: LoginResources.Login (9)
~~~~~~~~~~~~~~~~~~~~~~~~~~~~~~~~~~~~~~~~~~~~~~~~~~~~~~~~~~~~~~~~~~~~~~~~~~~~~~
20210920 13:57:09.575 - INFO - +--- START KEYWORD: SeleniumLibrary.Maximize Browser Window [ ]
20210920 13:57:09.576 - INFO - +--- END KEYWORD: SeleniumLibrary.Maximize Browser Window (1)
~~~~~~~~~~~~~~~~~~~~~~~~~~~~~~~~~~~~~~~~~~~~~~~~~~~~~~~~~~~~~~~~~~~~~~~~~~~~~~
20210920 13:57:09.576 - INFO - +--- START KEYWORD: BuiltIn.Sleep [ 10 seconds ]
20210920 13:57:09.577 - INFO - +--- END KEYWORD: BuiltIn.Sleep (1)
~~~~~~~~~~~~~~~~~~~~~~~~~~~~~~~~~~~~~~~~~~~~~~~~~~~~~~~~~~~~~~~~~~~~~~~~~~~~~~
20210920 13:57:09.578 - INFO - +--- START KEYWORD: SeleniumLibrary.Close Browser [ ]
20210920 13:57:09.579 - INFO - +--- END KEYWORD: SeleniumLibrary.Close Browser (0)
~~~~~~~~~~~~~~~~~~~~~~~~~~~~~~~~~~~~~~~~~~~~~~~~~~~~~~~~~~~~~~~~~~~~~~~~~~~~~~
20210920 13:57:09.579 - INFO - +--- START KEYWORD: BuiltIn.Log To Console [ 3rd test Ran successfully and Logs file saved successfully ]
20210920 13:57:09.579 - INFO - +--- END KEYWORD: BuiltIn.Log To Console (0)
~~~~~~~~~~~~~~~~~~~~~~~~~~~~~~~~~~~~~~~~~~~~~~~~~~~~~~~~~~~~~~~~~~~~~~~~~~~~~~
20210920 13:57:09.580 - INFO - +--- START TEARDOWN: SeleniumLibrary.Close Browser [ ]
20210920 13:57:09.580 - DEBUG - Closing browser with session id cd2abc8258e46346f394c317e0aa4540.
20210920 13:57:11.814 - INFO - +--- END TEARDOWN: SeleniumLibrary.Close Browser (2233)
------------------------------------------------------------------------------
20210920 13:57:11.816 - INFO - +-- END TEST: ThirdRobot.robot (7419)
------------------------------------------------------------------------------
20210920 13:57:11.817 - INFO - +-- START TEST: JsonData.robot [ ]
------------------------------------------------------------------------------
20210920 13:57:11.819 - INFO - +--- START FOR: ${username} IN [ @{user} ] [ ]
20210920 13:57:11.820 - INFO - +---- START FOR ITERATION: ${username} = access_key [ ]
20210920 13:57:11.821 - INFO - +----- START FOR: ${password} IN [ @{password} ] [ ]
20210920 13:57:11.822 - INFO - +------ START FOR ITERATION: ${password} = access_key [ ]
20210920 13:57:11.823 - INFO - +------- START KEYWORD: BuiltIn.Log To Console [ Testing Json robot Framework Demo with different usernames and password ]
20210920 13:57:11.824 - INFO - +------- END KEYWORD: BuiltIn.Log To Console (1)
20210920 13:57:11.824 - INFO - +------- START KEYWORD: SeleniumLibrary.Open Browser [ ${url} | Chrome ]
20210920 13:57:11.825 - INFO - Opening browser 'Chrome' to base url 'https://opensource-demo.orangehrmlive.com/'.
20210920 13:57:16.594 - DEBUG - Opened browser with session id 1b5ef8d1cb839966e41cf341e1a46bd2.
20210920 13:57:16.595 - INFO - +------- END KEYWORD: SeleniumLibrary.Open Browser (4771)
20210920 13:57:16.596 - INFO - +------- START KEYWORD: SeleniumLibrary.Maximize Browser Window [ ]
20210920 13:57:16.720 - INFO - +------- END KEYWORD: SeleniumLibrary.Maximize Browser Window (123)
20210920 13:57:16.720 - INFO - +------- START KEYWORD: BuiltIn.Sleep [ 10 seconds ]
20210920 13:57:26.727 - INFO - Slept 10 seconds
20210920 13:57:26.729 - INFO - +------- END KEYWORD: BuiltIn.Sleep (10008)
20210920 13:57:26.729 - INFO - +------- START KEYWORD: SeleniumLibrary.Input Text [ id=txtUsername | ${username} ]
20210920 13:57:26.731 - INFO - Typing text 'access_key' into text field 'id=txtUsername'.
20210920 13:57:26.860 - INFO - +------- END KEYWORD: SeleniumLibrary.Input Text (131)
20210920 13:57:26.860 - INFO - +------- START KEYWORD: SeleniumLibrary.Input Text [ id=txtPassword | ${password} ]
20210920 13:57:26.861 - INFO - Typing text 'access_key' into text field 'id=txtPassword'.
20210920 13:57:26.957 - INFO - +------- END KEYWORD: SeleniumLibrary.Input Text (96)
20210920 13:57:26.957 - INFO - +------- START KEYWORD: BuiltIn.Sleep [ 10 seconds ]
20210920 13:57:36.957 - INFO - Slept 10 seconds
20210920 13:57:36.958 - INFO - +------- END KEYWORD: BuiltIn.Sleep (10001)
20210920 13:57:36.958 - INFO - +------- START KEYWORD: SeleniumLibrary.Click Button [ id=btnLogin ]
20210920 13:57:36.959 - INFO - Clicking button 'id=btnLogin'.
20210920 13:57:38.421 - INFO - +------- END KEYWORD: SeleniumLibrary.Click Button (1463)
20210920 13:57:38.421 - INFO - +------- START KEYWORD: BuiltIn.Sleep [ 10 seconds ]
20210920 13:57:48.428 - INFO - Slept 10 seconds
20210920 13:57:48.430 - INFO - +------- END KEYWORD: BuiltIn.Sleep (10008)
20210920 13:57:48.430 - INFO - +------- START KEYWORD: SeleniumLibrary.Close Browser [ ]
20210920 13:57:48.431 - DEBUG - Closing browser with session id 1b5ef8d1cb839966e41cf341e1a46bd2.
20210920 13:57:50.638 - INFO - +------- END KEYWORD: SeleniumLibrary.Close Browser (2207)
20210920 13:57:50.640 - INFO - +------ END FOR ITERATION: ${password} = access_key (38817)
20210920 13:57:50.640 - INFO - +------ START FOR ITERATION: ${password} = password [ ]
20210920 13:57:50.642 - INFO - +------- START KEYWORD: BuiltIn.Log To Console [ Testing Json robot Framework Demo with different usernames and password ]
20210920 13:57:50.644 - INFO - +------- END KEYWORD: BuiltIn.Log To Console (2)
20210920 13:57:50.645 - INFO - +------- START KEYWORD: SeleniumLibrary.Open Browser [ ${url} | Chrome ]
20210920 13:57:50.647 - INFO - Opening browser 'Chrome' to base url 'https://opensource-demo.orangehrmlive.com/'.
20210920 13:57:55.726 - DEBUG - Opened browser with session id 3567d9204494407bffbaa0ecffdf5d66.
20210920 13:57:55.726 - INFO - +------- END KEYWORD: SeleniumLibrary.Open Browser (5081)
20210920 13:57:55.726 - INFO - +------- START KEYWORD: SeleniumLibrary.Maximize Browser Window [ ]
20210920 13:57:55.852 - INFO - +------- END KEYWORD: SeleniumLibrary.Maximize Browser Window (125)
20210920 13:57:55.852 - INFO - +------- START KEYWORD: BuiltIn.Sleep [ 10 seconds ]
20210920 13:58:05.860 - INFO - Slept 10 seconds
20210920 13:58:05.863 - INFO - +------- END KEYWORD: BuiltIn.Sleep (10010)
20210920 13:58:05.864 - INFO - +------- START KEYWORD: SeleniumLibrary.Input Text [ id=txtUsername | ${username} ]
20210920 13:58:05.868 - INFO - Typing text 'access_key' into text field 'id=txtUsername'.
20210920 13:58:06.032 - INFO - +------- END KEYWORD: SeleniumLibrary.Input Text (167)
20210920 13:58:06.032 - INFO - +------- START KEYWORD: SeleniumLibrary.Input Text [ id=txtPassword | ${password} ]
20210920 13:58:06.033 - INFO - Typing text 'password' into text field 'id=txtPassword'.
20210920 13:58:06.140 - INFO - +------- END KEYWORD: SeleniumLibrary.Input Text (108)
20210920 13:58:06.140 - INFO - +------- START KEYWORD: BuiltIn.Sleep [ 10 seconds ]
20210920 13:58:16.147 - INFO - Slept 10 seconds
20210920 13:58:16.151 - INFO - +------- END KEYWORD: BuiltIn.Sleep (10009)
20210920 13:58:16.152 - INFO - +------- START KEYWORD: SeleniumLibrary.Click Button [ id=btnLogin ]
20210920 13:58:16.154 - INFO - Clicking button 'id=btnLogin'.
20210920 13:58:17.624 - INFO - +------- END KEYWORD: SeleniumLibrary.Click Button (1473)
20210920 13:58:17.624 - INFO - +------- START KEYWORD: BuiltIn.Sleep [ 10 seconds ]
20210920 13:58:27.632 - INFO - Slept 10 seconds
20210920 13:58:27.634 - INFO - +------- END KEYWORD: BuiltIn.Sleep (10009)
20210920 13:58:27.635 - INFO - +------- START KEYWORD: SeleniumLibrary.Close Browser [ ]
20210920 13:58:27.636 - DEBUG - Closing browser with session id 3567d9204494407bffbaa0ecffdf5d66.
20210920 13:58:29.972 - INFO - +------- END KEYWORD: SeleniumLibrary.Close Browser (2335)
20210920 13:58:29.974 - INFO - +------ END FOR ITERATION: ${password} = password (39332)
20210920 13:58:29.975 - INFO - +----- END FOR: ${password} IN [ @{password} ] (78153)
20210920 13:58:29.977 - INFO - +---- END FOR ITERATION: ${username} = access_key (78155)
20210920 13:58:29.977 - INFO - +---- START FOR ITERATION: ${username} = user [ ]
20210920 13:58:29.979 - INFO - +----- START FOR: ${password} IN [ @{password} ] [ ]
20210920 13:58:29.980 - FAIL - Value of variable '@{password}' is not list or list-like.
20210920 13:58:29.983 - INFO - +----- END FOR: ${password} IN [ @{password} ] (3)
20210920 13:58:29.986 - INFO - +---- END FOR ITERATION: ${username} = user (8)
20210920 13:58:29.989 - INFO - +--- END FOR: ${username} IN [ @{user} ] (78168)
~~~~~~~~~~~~~~~~~~~~~~~~~~~~~~~~~~~~~~~~~~~~~~~~~~~~~~~~~~~~~~~~~~~~~~~~~~~~~~
20210920 13:58:29.991 - INFO - +--- START TEARDOWN: SeleniumLibrary.Close Browser [ ]
20210920 13:58:29.996 - INFO - +--- END TEARDOWN: SeleniumLibrary.Close Browser (3)
------------------------------------------------------------------------------
20210920 13:58:30.000 - INFO - +-- END TEST: JsonData.robot (78180)
------------------------------------------------------------------------------
20210920 13:58:30.011 - INFO - +- END SUITE: RobotDemo.MyFirstTestSuite (110301)
==============================================================================
20210920 13:58:30.019 - INFO - + END SUITE: RobotDemo (110622)
==============================================================================
